<?xml version="1.0" encoding="UTF-8"?>
<!-- Generated by org.testng.reporters.JUnitReportReporter -->
<testsuite skipped="0" hostname="Junior" name="be.iesca.colcinetFlights.tests.TestNG_GlideDao" tests="1" failures="0" timestamp="20 mai 2018 17:59:37 GMT" time="0.019" errors="0">
  <testcase name="testList" time="0.019" classname="be.iesca.colcinetFlights.tests.TestNG_GlideDao"/>
</testsuite> <!-- be.iesca.colcinetFlights.tests.TestNG_GlideDao -->
