<?xml version="1.0" encoding="UTF-8"?>
<!-- Generated by org.testng.reporters.JUnitReportReporter -->
<testsuite skipped="0" hostname="Junior" name="be.iesca.colcinetFlights.tests.TestNG_PilotDaoMockImpl" tests="5" failures="0" timestamp="19 avr. 2018 18:37:19 GMT" time="0.012" errors="0">
  <testcase name="testModifier" time="0.001" classname="be.iesca.colcinetFlights.tests.TestNG_PilotDaoMockImpl"/>
  <testcase name="testListerParSolde" time="0.001" classname="be.iesca.colcinetFlights.tests.TestNG_PilotDaoMockImpl"/>
  <testcase name="testAjouter" time="0.007" classname="be.iesca.colcinetFlights.tests.TestNG_PilotDaoMockImpl"/>
  <testcase name="testListerParNom" time="0.002" classname="be.iesca.colcinetFlights.tests.TestNG_PilotDaoMockImpl"/>
  <testcase name="testRechercher" time="0.001" classname="be.iesca.colcinetFlights.tests.TestNG_PilotDaoMockImpl"/>
</testsuite> <!-- be.iesca.colcinetFlights.tests.TestNG_PilotDaoMockImpl -->
